<?xml version="1.0" encoding="UTF-8"?>
<testsuite name="TopSecretSplitTest" tests="1" skipped="0" failures="0" errors="0" timestamp="2022-08-05T04:03:05" hostname="LAPTOP-290TISK2" time="1.137">
  <properties/>
  <testcase name="obtenerUbicacionMensajeNaveFail()" classname="TopSecretSplitTest" time="1.137"/>
  <system-out><![CDATA[2022-08-04T23:03:05,610 [Test worker] INFO  (TopSecretSplitTest.java:21) - Inicalizando Setup
2022-08-04T23:03:05,953 [Test worker] INFO  (TopSecretSplitTest.java:26) - Setup Exitoso
2022-08-04T23:03:05,958 [Test worker] INFO  (TopSecretSplitTest.java:31) - Enviando peticion GET para obtener ubicacion y mensaje de la nave
Request method:	GET
Request URI:	https://quasar-qa-challenge.prodeng-playground.mercadolibre.com/topsecret_split
Proxy:			<none>
Request params:	<none>
Query params:	<none>
Form params:	<none>
Path params:	<none>
Headers:		Accept=*/*
				Content-Type=application/json
Cookies:		<none>
Multiparts:		<none>
Body:
HTTP/1.1 400 Bad Request
Date: Fri, 05 Aug 2022 04:03:06 GMT
Content-Type: application/json
Content-Length: 85
Connection: keep-alive
Server: fasthttp

[
    "No hay suficiente información para obtener la posición de la nave y su mensaje."
]
2022-08-04T23:03:07,088 [Test worker] INFO  (TopSecretSplitTest.java:42) - Fin obtener ubicacion y mensaje de la nave
]]></system-out>
  <system-err><![CDATA[]]></system-err>
</testsuite>
